0 info it worked if it ends with ok
1 verbose cli [ '/usr/bin/node',
1 verbose cli   '/usr/bin/npm',
1 verbose cli   'install',
1 verbose cli   '--save',
1 verbose cli   'chance\r' ]
2 info using npm@3.5.2
3 info using node@v8.10.0
4 silly loadCurrentTree Starting
5 silly install loadCurrentTree
6 silly install readLocalPackageData
7 silly fetchPackageMetaData chance
8 silly fetchNamedPackageData chance
9 silly mapToRegistry name chance
10 silly mapToRegistry using default registry
11 silly mapToRegistry registry https://registry.npmjs.org/
12 silly mapToRegistry uri https://registry.npmjs.org/chance
13 verbose request uri https://registry.npmjs.org/chance
14 verbose request no auth needed
15 info attempt registry request try #1 at 20:33:29
16 verbose request id 46afb89792c1c654
17 verbose etag W/"9a2d96f59e504b2cd1e8e81967d98a37"
18 verbose lastModified Thu, 05 Dec 2019 17:29:32 GMT
19 http request GET https://registry.npmjs.org/chance
20 verbose stack TypeError: The header content contains invalid characters
20 verbose stack     at validateHeader (_http_outgoing.js:494:11)
20 verbose stack     at ClientRequest.setHeader (_http_outgoing.js:498:3)
20 verbose stack     at new ClientRequest (_http_client.js:173:14)
20 verbose stack     at Object.request (http.js:38:10)
20 verbose stack     at Object.request (https.js:239:15)
20 verbose stack     at Request.start (/usr/share/npm/node_modules/request/request.js:793:30)
20 verbose stack     at Request.end (/usr/share/npm/node_modules/request/request.js:1400:10)
20 verbose stack     at end (/usr/share/npm/node_modules/request/request.js:564:14)
20 verbose stack     at Immediate._onImmediate (/usr/share/npm/node_modules/request/request.js:578:7)
20 verbose stack     at runCallback (timers.js:794:20)
21 verbose cwd /home/chauying/Bureau/Dev/RES/Teaching-HEIGVD-RES-2020-Labo-HTTPInfra/docker-images
22 error Linux 4.15.0-88-generic
23 error argv "/usr/bin/node" "/usr/bin/npm" "install" "--save" "chance\r"
24 error node v8.10.0
25 error npm  v3.5.2
26 error The header content contains invalid characters
27 error If you need help, you may report this error at:
27 error     <https://github.com/npm/npm/issues>
28 verbose exit [ 1, true ]
